make: make -j16 libscip scip
[  0%] [BISON][MMLPARSE2] Building parser with bison 3.8.2
[  0%] [FLEX][MMLSCAN] Building scanner with flex 2.6.4
-- Git hash: 6129793871
-- Git hash: 950b1658
[  0%] Built target scip_update_githash
[  0%] Built target soplex_update_githash
[  2%] Building CXX object soplex/src/CMakeFiles/libsoplex-pic.dir/soplex/gzstream.cpp.o
[  2%] Building CXX object soplex/src/CMakeFiles/libsoplex-pic.dir/soplex/didxset.cpp.o
[  2%] Building CXX object soplex/src/CMakeFiles/libsoplex-pic.dir/soplex/idxset.cpp.o
[  2%] Building CXX object soplex/src/CMakeFiles/libsoplex-pic.dir/soplex/nameset.cpp.o
[  2%] Building CXX object soplex/src/CMakeFiles/libsoplex-pic.dir/soplex/spxdefines.cpp.o
[  2%] Building CXX object soplex/src/CMakeFiles/libsoplex-pic.dir/soplex/mpsinput.cpp.o
[  2%] Building CXX object soplex/src/CMakeFiles/libsoplex-pic.dir/soplex/spxid.cpp.o
[  2%] Building CXX object soplex/src/CMakeFiles/libsoplex-pic.dir/soplex/spxgithash.cpp.o
[  2%] Building CXX object soplex/src/CMakeFiles/libsoplex-pic.dir/soplex/usertimer.cpp.o
[  2%] Building CXX object soplex/src/CMakeFiles/libsoplex-pic.dir/soplex/spxout.cpp.o
[  2%] Building CXX object soplex/src/CMakeFiles/libsoplex-pic.dir/soplex/wallclocktimer.cpp.o
[  2%] Building C object zimpl/src/CMakeFiles/libzimpl-pic.dir/zimpl/blkmem.c.o
[  2%] Building C object zimpl/src/CMakeFiles/libzimpl-pic.dir/zimpl/code.c.o
[  2%] Building C object zimpl/src/CMakeFiles/libzimpl-pic.dir/zimpl/conname.c.o
[  2%] Building C object zimpl/src/CMakeFiles/libzimpl-pic.dir/zimpl/bound.c.o
[  5%] Building C object zimpl/src/CMakeFiles/libzimpl-pic.dir/zimpl/define.c.o
[  5%] Building C object zimpl/src/CMakeFiles/libzimpl-pic.dir/zimpl/elem.c.o
[  5%] Building C object zimpl/src/CMakeFiles/libzimpl-pic.dir/zimpl/entry.c.o
[  5%] Building C object zimpl/src/CMakeFiles/libzimpl-pic.dir/zimpl/hash.c.o
[  5%] Building C object zimpl/src/CMakeFiles/libzimpl-pic.dir/zimpl/heap.c.o
[  5%] Building C object zimpl/src/CMakeFiles/libzimpl-pic.dir/zimpl/idxset.c.o
[  5%] Building C object zimpl/src/CMakeFiles/libzimpl-pic.dir/zimpl/inst.c.o
[  5%] Building C object zimpl/src/CMakeFiles/libzimpl-pic.dir/zimpl/iread.c.o
[  5%] Building C object zimpl/src/CMakeFiles/libzimpl-pic.dir/zimpl/list.c.o
[  5%] Building C object zimpl/src/CMakeFiles/libzimpl-pic.dir/zimpl/load.c.o
[  5%] Building C object zimpl/src/CMakeFiles/libzimpl-pic.dir/zimpl/local.c.o
[  5%] Building C object zimpl/src/CMakeFiles/libzimpl-pic.dir/zimpl/metaio.c.o
[  5%] Building C object zimpl/src/CMakeFiles/libzimpl-pic.dir/zimpl/mmlparse2.c.o
[  8%] Building C object zimpl/src/CMakeFiles/libzimpl-pic.dir/zimpl/mmlscan.c.o
[  8%] Building C object zimpl/src/CMakeFiles/libzimpl-pic.dir/zimpl/mono.c.o
[  8%] Building C object zimpl/src/CMakeFiles/libzimpl-pic.dir/zimpl/mshell.c.o
/build/scipoptsuite-8.1.0/build-wasm/zimpl/src/zimpl/mmlparse2.c:2323:22: warning: passing arguments to 'yylex' without a prototype is deprecated in all versions of C and is not supported in C23 [-Wdeprecated-non-prototype]
 2323 |       yychar = yylex (&yylval);
      |                      ^
[  8%] Building C object zimpl/src/CMakeFiles/libzimpl-pic.dir/zimpl/prog.c.o
[  8%] Building C object zimpl/src/CMakeFiles/libzimpl-pic.dir/zimpl/random.c.o
[  8%] Building C object zimpl/src/CMakeFiles/libzimpl-pic.dir/zimpl/rdefpar.c.o
[  8%] Building C object zimpl/src/CMakeFiles/libzimpl-pic.dir/zimpl/source.c.o
[  8%] Building C object zimpl/src/CMakeFiles/libzimpl-pic.dir/zimpl/setempty.c.o
[  8%] Building C object zimpl/src/CMakeFiles/libzimpl-pic.dir/zimpl/setpseudo.c.o
[  8%] Building C object zimpl/src/CMakeFiles/libzimpl-pic.dir/zimpl/setlist.c.o
[  8%] Building C object zimpl/src/CMakeFiles/libzimpl-pic.dir/zimpl/setrange.c.o
[  8%] Building C object zimpl/src/CMakeFiles/libzimpl-pic.dir/zimpl/setprod.c.o
[ 11%] Building C object zimpl/src/CMakeFiles/libzimpl-pic.dir/zimpl/setmulti.c.o
[ 11%] Building C object zimpl/src/CMakeFiles/libzimpl-pic.dir/zimpl/set4.c.o
[ 11%] Building C object zimpl/src/CMakeFiles/libzimpl-pic.dir/zimpl/stmt.c.o
1 warning generated.
[ 11%] Building C object zimpl/src/CMakeFiles/libzimpl-pic.dir/zimpl/strstore2.c.o
[ 11%] Building C object zimpl/src/CMakeFiles/libzimpl-pic.dir/zimpl/stkchk.c.o
[ 11%] Building C object zimpl/src/CMakeFiles/libzimpl-pic.dir/zimpl/symbol.c.o
[ 11%] Building C object zimpl/src/CMakeFiles/libzimpl-pic.dir/zimpl/term2.c.o
[ 11%] Building C object zimpl/src/CMakeFiles/libzimpl-pic.dir/zimpl/tuple.c.o
[ 11%] Building C object zimpl/src/CMakeFiles/libzimpl-pic.dir/zimpl/zimpllib.c.o
[ 11%] Building C object zimpl/src/CMakeFiles/libzimpl-pic.dir/zimpl/vinst.c.o
[ 11%] Building C object zimpl/src/CMakeFiles/libzimpl-pic.dir/zimpl/gmpmisc.c.o
[ 11%] Building C object zimpl/src/CMakeFiles/libzimpl-pic.dir/zimpl/numbgmp.c.o
[ 11%] Linking CXX static library ../../lib/libsoplex-pic.a
[ 11%] Linking C static library ../../lib/libzimpl-pic.a
[ 11%] Built target libsoplex-pic
[ 11%] Built target libzimpl-pic
[ 11%] Building C object scip/src/CMakeFiles/libscip.dir/blockmemshell/memory.c.o
[ 11%] Building C object scip/src/CMakeFiles/libscip.dir/__/scipbuildflag.c.o
[ 11%] Building C object scip/src/CMakeFiles/libscip.dir/scip/message.c.o
[ 11%] Building C object scip/src/CMakeFiles/libscip.dir/scip/bitencode.c.o
[ 11%] Building C object scip/src/CMakeFiles/libscip.dir/scip/bandit_epsgreedy.c.o
[ 11%] Building C object scip/src/CMakeFiles/libscip.dir/scip/bandit_ucb.c.o
[ 11%] Building C object scip/src/CMakeFiles/libscip.dir/scip/bandit_exp3.c.o
[ 11%] Building C object scip/src/CMakeFiles/libscip.dir/scip/branch_distribution.c.o
[ 11%] Building C object scip/src/CMakeFiles/libscip.dir/scip/bandit.c.o
[ 11%] Building C object scip/src/CMakeFiles/libscip.dir/scip/branch_allfullstrong.c.o
[ 11%] Building C object scip/src/CMakeFiles/libscip.dir/scip/branch_fullstrong.c.o
[ 14%] Building C object scip/src/CMakeFiles/libscip.dir/scip/branch_inference.c.o
[ 14%] Building C object scip/src/CMakeFiles/libscip.dir/scip/branch_cloud.c.o
[ 14%] Building C object scip/src/CMakeFiles/libscip.dir/scip/branch_leastinf.c.o
[ 14%] Building C object scip/src/CMakeFiles/libscip.dir/scip/branch_mostinf.c.o
[ 14%] Building C object scip/src/CMakeFiles/libscip.dir/scip/branch_lookahead.c.o
[ 14%] Building C object scip/src/CMakeFiles/libscip.dir/scip/branch_random.c.o
[ 14%] Building C object scip/src/CMakeFiles/libscip.dir/scip/branch_pscost.c.o
[ 14%] Building C object scip/src/CMakeFiles/libscip.dir/scip/branch_nodereopt.c.o
[ 14%] Building C object scip/src/CMakeFiles/libscip.dir/scip/branch_multaggr.c.o
[ 14%] Building C object scip/src/CMakeFiles/libscip.dir/scip/branch_relpscost.c.o
[ 14%] Building C object scip/src/CMakeFiles/libscip.dir/scip/branch_vanillafullstrong.c.o
[ 17%] Building C object scip/src/CMakeFiles/libscip.dir/scip/compr_largestrepr.c.o
[ 17%] Building C object scip/src/CMakeFiles/libscip.dir/scip/compr_weakcompr.c.o
[ 17%] Building C object scip/src/CMakeFiles/libscip.dir/scip/concsolver_scip.c.o
[ 17%] Building C object scip/src/CMakeFiles/libscip.dir/scip/cons_abspower.c.o
[ 17%] Building C object scip/src/CMakeFiles/libscip.dir/scip/cons_and.c.o
[ 17%] Building C object scip/src/CMakeFiles/libscip.dir/scip/cons_benderslp.c.o
[ 17%] Building C object scip/src/CMakeFiles/libscip.dir/scip/cons_benders.c.o
[ 17%] Building C object scip/src/CMakeFiles/libscip.dir/scip/cons_bounddisjunction.c.o
[ 17%] Building C object scip/src/CMakeFiles/libscip.dir/scip/cons_cardinality.c.o
[ 17%] Building C object scip/src/CMakeFiles/libscip.dir/scip/cons_components.c.o
[ 17%] Building C object scip/src/CMakeFiles/libscip.dir/scip/cons_conjunction.c.o
[ 17%] Building C object scip/src/CMakeFiles/libscip.dir/scip/cons_countsols.c.o
[ 17%] Building C object scip/src/CMakeFiles/libscip.dir/scip/cons_disjunction.c.o
[ 20%] Building C object scip/src/CMakeFiles/libscip.dir/scip/cons_cumulative.c.o
[ 20%] Building C object scip/src/CMakeFiles/libscip.dir/scip/cons_indicator.c.o
[ 20%] Building C object scip/src/CMakeFiles/libscip.dir/scip/cons_integral.c.o
[ 20%] Building C object scip/src/CMakeFiles/libscip.dir/scip/cons_knapsack.c.o
[ 20%] Building C object scip/src/CMakeFiles/libscip.dir/scip/cons_linear.c.o
[ 20%] Building C object scip/src/CMakeFiles/libscip.dir/scip/cons_linking.c.o
[ 20%] Building C object scip/src/CMakeFiles/libscip.dir/scip/cons_logicor.c.o
[ 20%] Building C object scip/src/CMakeFiles/libscip.dir/scip/cons_nonlinear.c.o
[ 20%] Building C object scip/src/CMakeFiles/libscip.dir/scip/cons_or.c.o
[ 20%] Building C object scip/src/CMakeFiles/libscip.dir/scip/cons_orbisack.c.o
[ 20%] Building C object scip/src/CMakeFiles/libscip.dir/scip/cons_orbitope.c.o
[ 20%] Building C object scip/src/CMakeFiles/libscip.dir/scip/cons_pseudoboolean.c.o
[ 23%] Building C object scip/src/CMakeFiles/libscip.dir/scip/cons_quadratic.c.o
[ 23%] Building C object scip/src/CMakeFiles/libscip.dir/scip/cons_setppc.c.o
[ 23%] Building C object scip/src/CMakeFiles/libscip.dir/scip/cons_soc.c.o
[ 23%] Building C object scip/src/CMakeFiles/libscip.dir/scip/cons_sos1.c.o
[ 23%] Building C object scip/src/CMakeFiles/libscip.dir/scip/cons_sos2.c.o
[ 23%] Building C object scip/src/CMakeFiles/libscip.dir/scip/cons_superindicator.c.o
[ 23%] Building C object scip/src/CMakeFiles/libscip.dir/scip/cons_symresack.c.o
[ 23%] Building C object scip/src/CMakeFiles/libscip.dir/scip/cons_varbound.c.o
[ 23%] Building C object scip/src/CMakeFiles/libscip.dir/scip/cons_xor.c.o
[ 23%] Building C object scip/src/CMakeFiles/libscip.dir/scip/cutsel_hybrid.c.o
[ 23%] Building C object scip/src/CMakeFiles/libscip.dir/scip/dcmp.c.o
[ 23%] Building C object scip/src/CMakeFiles/libscip.dir/scip/dialog_default.c.o
[ 26%] Building C object scip/src/CMakeFiles/libscip.dir/scip/event_globalbnd.c.o
[ 26%] Building C object scip/src/CMakeFiles/libscip.dir/scip/event_estim.c.o
[ 26%] Building C object scip/src/CMakeFiles/libscip.dir/scip/event_softtimelimit.c.o
[ 26%] Building C object scip/src/CMakeFiles/libscip.dir/scip/event_solvingphase.c.o
[ 26%] Building C object scip/src/CMakeFiles/libscip.dir/scip/expr_abs.c.o
[ 26%] Building C object scip/src/CMakeFiles/libscip.dir/scip/expr_entropy.c.o
[ 26%] Building C object scip/src/CMakeFiles/libscip.dir/scip/expr_erf.c.o
[ 26%] Building C object scip/src/CMakeFiles/libscip.dir/scip/expr_exp.c.o
[ 26%] Building C object scip/src/CMakeFiles/libscip.dir/scip/expr_log.c.o
[ 26%] Building C object scip/src/CMakeFiles/libscip.dir/scip/expr_pow.c.o
[ 26%] Building C object scip/src/CMakeFiles/libscip.dir/scip/expr_product.c.o
[ 26%] Building C object scip/src/CMakeFiles/libscip.dir/scip/expr_sum.c.o
[ 26%] Building C object scip/src/CMakeFiles/libscip.dir/scip/expr_trig.c.o
[ 29%] Building C object scip/src/CMakeFiles/libscip.dir/scip/expr_value.c.o
[ 29%] Building C object scip/src/CMakeFiles/libscip.dir/scip/expr_var.c.o
[ 29%] Building C object scip/src/CMakeFiles/libscip.dir/scip/expr_varidx.c.o
[ 29%] Building CXX object scip/src/CMakeFiles/libscip.dir/scip/exprinterpret_cppad.cpp.o
[ 29%] Building C object scip/src/CMakeFiles/libscip.dir/scip/disp_default.c.o
[ 29%] Building C object scip/src/CMakeFiles/libscip.dir/scip/heur_actconsdiving.c.o
[ 29%] Building C object scip/src/CMakeFiles/libscip.dir/scip/heur_adaptivediving.c.o
[ 29%] Building C object scip/src/CMakeFiles/libscip.dir/scip/heur_bound.c.o
[ 29%] Building C object scip/src/CMakeFiles/libscip.dir/scip/heur_clique.c.o
[ 29%] Building C object scip/src/CMakeFiles/libscip.dir/scip/heur_coefdiving.c.o
[ 29%] Building C object scip/src/CMakeFiles/libscip.dir/scip/heur_completesol.c.o
[ 29%] Building C object scip/src/CMakeFiles/libscip.dir/scip/heur_conflictdiving.c.o
[ 32%] Building C object scip/src/CMakeFiles/libscip.dir/scip/heur_crossover.c.o
[ 32%] Building C object scip/src/CMakeFiles/libscip.dir/scip/heur_dins.c.o
[ 32%] Building C object scip/src/CMakeFiles/libscip.dir/scip/heur_distributiondiving.c.o
[ 32%] Building C object scip/src/CMakeFiles/libscip.dir/scip/heur_dps.c.o
[ 32%] Building C object scip/src/CMakeFiles/libscip.dir/scip/heur_dualval.c.o
[ 32%] Building C object scip/src/CMakeFiles/libscip.dir/scip/heur_farkasdiving.c.o
[ 32%] Building C object scip/src/CMakeFiles/libscip.dir/scip/heur_feaspump.c.o
[ 32%] Building C object scip/src/CMakeFiles/libscip.dir/scip/heur_fixandinfer.c.o
[ 32%] Building C object scip/src/CMakeFiles/libscip.dir/scip/heur_fracdiving.c.o
[ 32%] Building C object scip/src/CMakeFiles/libscip.dir/scip/heur_gins.c.o
[ 32%] Building C object scip/src/CMakeFiles/libscip.dir/scip/heur_guideddiving.c.o
[ 32%] Building C object scip/src/CMakeFiles/libscip.dir/scip/heur_indicator.c.o
[ 32%] Building C object scip/src/CMakeFiles/libscip.dir/scip/heur_intdiving.c.o
[ 35%] Building C object scip/src/CMakeFiles/libscip.dir/scip/heur_intshifting.c.o
[ 35%] Building C object scip/src/CMakeFiles/libscip.dir/scip/heur_linesearchdiving.c.o
[ 35%] Building C object scip/src/CMakeFiles/libscip.dir/scip/heur_localbranching.c.o
[ 35%] Building C object scip/src/CMakeFiles/libscip.dir/scip/heur_lpface.c.o
[ 35%] Building C object scip/src/CMakeFiles/libscip.dir/scip/heur_locks.c.o
[ 35%] Building C object scip/src/CMakeFiles/libscip.dir/scip/heur_alns.c.o
[ 35%] Building C object scip/src/CMakeFiles/libscip.dir/scip/heur_mutation.c.o
[ 35%] Building C object scip/src/CMakeFiles/libscip.dir/scip/heur_multistart.c.o
[ 35%] Building C object scip/src/CMakeFiles/libscip.dir/scip/heur_mpec.c.o
[ 35%] Building C object scip/src/CMakeFiles/libscip.dir/scip/heur_nlpdiving.c.o
[ 35%] Building C object scip/src/CMakeFiles/libscip.dir/scip/heur_octane.c.o
[ 35%] Building C object scip/src/CMakeFiles/libscip.dir/scip/heur_objpscostdiving.c.o
[ 38%] Building C object scip/src/CMakeFiles/libscip.dir/scip/heur_ofins.c.o
[ 38%] Building C object scip/src/CMakeFiles/libscip.dir/scip/heur_oneopt.c.o
[ 38%] Building C object scip/src/CMakeFiles/libscip.dir/scip/heur_padm.c.o
[ 38%] Building C object scip/src/CMakeFiles/libscip.dir/scip/heur_pscostdiving.c.o
[ 38%] Building C object scip/src/CMakeFiles/libscip.dir/scip/heur_proximity.c.o
[ 38%] Building C object scip/src/CMakeFiles/libscip.dir/scip/heur_reoptsols.c.o
[ 38%] Building C object scip/src/CMakeFiles/libscip.dir/scip/heur_repair.c.o
[ 38%] Building C object scip/src/CMakeFiles/libscip.dir/scip/heur_rens.c.o
[ 38%] Building C object scip/src/CMakeFiles/libscip.dir/scip/heur_randrounding.c.o
[ 38%] Building C object scip/src/CMakeFiles/libscip.dir/scip/heur_rins.c.o
[ 38%] Building C object scip/src/CMakeFiles/libscip.dir/scip/heur_rootsoldiving.c.o
[ 38%] Building C object scip/src/CMakeFiles/libscip.dir/scip/heur_rounding.c.o
[ 41%] Building C object scip/src/CMakeFiles/libscip.dir/scip/heur_shifting.c.o
[ 41%] Building C object scip/src/CMakeFiles/libscip.dir/scip/heur_shiftandpropagate.c.o
[ 41%] Building C object scip/src/CMakeFiles/libscip.dir/scip/heur_simplerounding.c.o
[ 41%] Building C object scip/src/CMakeFiles/libscip.dir/scip/heur_subnlp.c.o
[ 41%] Building C object scip/src/CMakeFiles/libscip.dir/scip/heur_sync.c.o
[ 41%] Building C object scip/src/CMakeFiles/libscip.dir/scip/heur_trivial.c.o
[ 41%] Building C object scip/src/CMakeFiles/libscip.dir/scip/heur_trivialnegation.c.o
[ 41%] Building C object scip/src/CMakeFiles/libscip.dir/scip/heur_trustregion.c.o
[ 41%] Building C object scip/src/CMakeFiles/libscip.dir/scip/heur_trysol.c.o
[ 41%] Building C object scip/src/CMakeFiles/libscip.dir/scip/heur_twoopt.c.o
[ 41%] Building C object scip/src/CMakeFiles/libscip.dir/scip/heur_undercover.c.o
[ 41%] Building C object scip/src/CMakeFiles/libscip.dir/scip/heur_vbounds.c.o
[ 41%] Building C object scip/src/CMakeFiles/libscip.dir/scip/heur_veclendiving.c.o
[ 44%] Building C object scip/src/CMakeFiles/libscip.dir/scip/heur_zeroobj.c.o
[ 44%] Building C object scip/src/CMakeFiles/libscip.dir/scip/heur_zirounding.c.o
[ 44%] Building C object scip/src/CMakeFiles/libscip.dir/scip/nlhdlr_bilinear.c.o
[ 44%] Building C object scip/src/CMakeFiles/libscip.dir/scip/message_default.c.o
[ 44%] Building C object scip/src/CMakeFiles/libscip.dir/scip/nlhdlr_convex.c.o
[ 44%] Building C object scip/src/CMakeFiles/libscip.dir/scip/nlhdlr_default.c.o
[ 44%] Building C object scip/src/CMakeFiles/libscip.dir/scip/nlhdlr_perspective.c.o
[ 44%] Building C object scip/src/CMakeFiles/libscip.dir/scip/nlhdlr_quadratic.c.o
[ 44%] Building C object scip/src/CMakeFiles/libscip.dir/scip/nlhdlr_quotient.c.o
[ 44%] Building C object scip/src/CMakeFiles/libscip.dir/scip/nlhdlr_soc.c.o
[ 44%] Building C object scip/src/CMakeFiles/libscip.dir/scip/nlpi_all.c.o
[ 44%] Building C object scip/src/CMakeFiles/libscip.dir/scip/nlpi_ipopt_dummy.c.o
[ 44%] Building C object scip/src/CMakeFiles/libscip.dir/scip/nlpi_worhp_dummy.c.o
[ 47%] Building C object scip/src/CMakeFiles/libscip.dir/scip/nlpi_filtersqp_dummy.c.o
[ 47%] Building C object scip/src/CMakeFiles/libscip.dir/scip/nodesel_bfs.c.o
[ 47%] Building C object scip/src/CMakeFiles/libscip.dir/scip/nodesel_breadthfirst.c.o
[ 47%] Building C object scip/src/CMakeFiles/libscip.dir/scip/nodesel_dfs.c.o
[ 47%] Building C object scip/src/CMakeFiles/libscip.dir/scip/nodesel_estimate.c.o
[ 47%] Building C object scip/src/CMakeFiles/libscip.dir/scip/nodesel_hybridestim.c.o
[ 47%] Building C object scip/src/CMakeFiles/libscip.dir/scip/nodesel_restartdfs.c.o
[ 47%] Building C object scip/src/CMakeFiles/libscip.dir/scip/nodesel_uct.c.o
[ 47%] Building CXX object scip/src/CMakeFiles/libscip.dir/scip/presol_milp.cpp.o
[ 47%] Building C object scip/src/CMakeFiles/libscip.dir/scip/presol_boundshift.c.o
[ 47%] Building C object scip/src/CMakeFiles/libscip.dir/scip/presol_convertinttobin.c.o
[ 47%] Building C object scip/src/CMakeFiles/libscip.dir/scip/presol_domcol.c.o
[ 50%] Building C object scip/src/CMakeFiles/libscip.dir/scip/presol_dualagg.c.o
[ 50%] Building C object scip/src/CMakeFiles/libscip.dir/scip/presol_dualcomp.c.o
[ 50%] Building C object scip/src/CMakeFiles/libscip.dir/scip/presol_dualinfer.c.o
[ 50%] Building C object scip/src/CMakeFiles/libscip.dir/scip/presol_gateextraction.c.o
[ 50%] Building C object scip/src/CMakeFiles/libscip.dir/scip/presol_implics.c.o
[ 50%] Building C object scip/src/CMakeFiles/libscip.dir/scip/presol_inttobinary.c.o
[ 50%] Building C object scip/src/CMakeFiles/libscip.dir/scip/presol_qpkktref.c.o
[ 50%] Building C object scip/src/CMakeFiles/libscip.dir/scip/presol_redvub.c.o
[ 50%] Building C object scip/src/CMakeFiles/libscip.dir/scip/presol_sparsify.c.o
[ 50%] Building C object scip/src/CMakeFiles/libscip.dir/scip/presol_stuffing.c.o
[ 50%] Building C object scip/src/CMakeFiles/libscip.dir/scip/presol_dualsparsify.c.o
[ 50%] Building C object scip/src/CMakeFiles/libscip.dir/scip/presol_trivial.c.o
[ 50%] Building C object scip/src/CMakeFiles/libscip.dir/scip/presol_tworowbnd.c.o
[ 52%] Building C object scip/src/CMakeFiles/libscip.dir/scip/prop_dualfix.c.o
[ 52%] Building C object scip/src/CMakeFiles/libscip.dir/scip/prop_genvbounds.c.o
[ 52%] Building C object scip/src/CMakeFiles/libscip.dir/scip/prop_nlobbt.c.o
[ 52%] Building C object scip/src/CMakeFiles/libscip.dir/scip/prop_obbt.c.o
[ 52%] Building C object scip/src/CMakeFiles/libscip.dir/scip/prop_probing.c.o
[ 52%] Building C object scip/src/CMakeFiles/libscip.dir/scip/prop_pseudoobj.c.o
[ 52%] Building C object scip/src/CMakeFiles/libscip.dir/scip/prop_redcost.c.o
[ 52%] Building C object scip/src/CMakeFiles/libscip.dir/scip/prop_rootredcost.c.o
[ 52%] Building C object scip/src/CMakeFiles/libscip.dir/scip/prop_symmetry.c.o
[ 52%] Building C object scip/src/CMakeFiles/libscip.dir/scip/prop_vbounds.c.o
[ 52%] Building C object scip/src/CMakeFiles/libscip.dir/scip/prop_sync.c.o
[ 52%] Building C object scip/src/CMakeFiles/libscip.dir/scip/reader_bnd.c.o
[ 55%] Building C object scip/src/CMakeFiles/libscip.dir/scip/reader_ccg.c.o
[ 55%] Building C object scip/src/CMakeFiles/libscip.dir/scip/reader_cnf.c.o
[ 55%] Building C object scip/src/CMakeFiles/libscip.dir/scip/reader_cip.c.o
[ 55%] Building C object scip/src/CMakeFiles/libscip.dir/scip/reader_cor.c.o
[ 55%] Building C object scip/src/CMakeFiles/libscip.dir/scip/reader_dec.c.o
[ 55%] Building C object scip/src/CMakeFiles/libscip.dir/scip/reader_diff.c.o
[ 55%] Building C object scip/src/CMakeFiles/libscip.dir/scip/reader_fix.c.o
[ 55%] Building C object scip/src/CMakeFiles/libscip.dir/scip/reader_fzn.c.o
[ 55%] Building C object scip/src/CMakeFiles/libscip.dir/scip/reader_gms.c.o
[ 55%] Building C object scip/src/CMakeFiles/libscip.dir/scip/reader_lp.c.o
[ 55%] Building C object scip/src/CMakeFiles/libscip.dir/scip/reader_mps.c.o
[ 55%] Building C object scip/src/CMakeFiles/libscip.dir/scip/reader_mst.c.o
[ 55%] Building C object scip/src/CMakeFiles/libscip.dir/scip/reader_opb.c.o
[ 58%] Building C object scip/src/CMakeFiles/libscip.dir/scip/reader_osil.c.o
[ 58%] Building C object scip/src/CMakeFiles/libscip.dir/scip/reader_pip.c.o
[ 58%] Building C object scip/src/CMakeFiles/libscip.dir/scip/reader_pbm.c.o
[ 58%] Building C object scip/src/CMakeFiles/libscip.dir/scip/reader_ppm.c.o
[ 58%] Building C object scip/src/CMakeFiles/libscip.dir/scip/reader_rlp.c.o
[ 58%] Building C object scip/src/CMakeFiles/libscip.dir/scip/reader_sol.c.o
[ 58%] Building C object scip/src/CMakeFiles/libscip.dir/scip/reader_sto.c.o
[ 58%] Building C object scip/src/CMakeFiles/libscip.dir/scip/reader_smps.c.o
[ 58%] Building C object scip/src/CMakeFiles/libscip.dir/scip/reader_tim.c.o
[ 58%] Building C object scip/src/CMakeFiles/libscip.dir/scip/reader_wbo.c.o
[ 58%] Building C object scip/src/CMakeFiles/libscip.dir/scip/reader_zpl.c.o
[ 58%] Building C object scip/src/CMakeFiles/libscip.dir/scip/sepa_cgmip.c.o
[ 58%] Building C object scip/src/CMakeFiles/libscip.dir/scip/sepa_closecuts.c.o
[ 61%] Building C object scip/src/CMakeFiles/libscip.dir/scip/sepa_clique.c.o
[ 61%] Building C object scip/src/CMakeFiles/libscip.dir/scip/sepa_aggregation.c.o
/build/scipoptsuite-8.1.0/scip/src/scip/reader_zpl.c:965:7: warning: null returned from function that requires a non-null return value [-Wnonnull]
  965 |       return NULL;
      |       ^      ~~~~
[ 61%] Building C object scip/src/CMakeFiles/libscip.dir/scip/sepa_convexproj.c.o
[ 61%] Building C object scip/src/CMakeFiles/libscip.dir/scip/sepa_eccuts.c.o
[ 61%] Building C object scip/src/CMakeFiles/libscip.dir/scip/sepa_disjunctive.c.o
[ 61%] Building C object scip/src/CMakeFiles/libscip.dir/scip/sepa_gauge.c.o
[ 61%] Building C object scip/src/CMakeFiles/libscip.dir/scip/sepa_impliedbounds.c.o
[ 61%] Building C object scip/src/CMakeFiles/libscip.dir/scip/sepa_interminor.c.o
[ 61%] Building C object scip/src/CMakeFiles/libscip.dir/scip/sepa_gomory.c.o
[ 61%] Building C object scip/src/CMakeFiles/libscip.dir/scip/sepa_intobj.c.o
[ 61%] Building C object scip/src/CMakeFiles/libscip.dir/scip/sepa_mcf.c.o
[ 61%] Building C object scip/src/CMakeFiles/libscip.dir/scip/sepa_minor.c.o
[ 64%] Building C object scip/src/CMakeFiles/libscip.dir/scip/sepa_mixing.c.o
1 warning generated.
[ 64%] Building C object scip/src/CMakeFiles/libscip.dir/scip/sepa_oddcycle.c.o
[ 64%] Building C object scip/src/CMakeFiles/libscip.dir/scip/sepa_rapidlearning.c.o
[ 64%] Building C object scip/src/CMakeFiles/libscip.dir/scip/treemodel.c.o
[ 64%] Building C object scip/src/CMakeFiles/libscip.dir/scip/sepa_zerohalf.c.o
[ 64%] Building C object scip/src/CMakeFiles/libscip.dir/scip/sepa_rlt.c.o
[ 64%] Building C object scip/src/CMakeFiles/libscip.dir/scip/benders_default.c.o
[ 64%] Building C object scip/src/CMakeFiles/libscip.dir/scip/benderscut_feas.c.o
[ 64%] Building C object scip/src/CMakeFiles/libscip.dir/scip/benderscut_feasalt.c.o
[ 64%] Building C object scip/src/CMakeFiles/libscip.dir/scip/benderscut_int.c.o
[ 64%] Building C object scip/src/CMakeFiles/libscip.dir/scip/benderscut_nogood.c.o
[ 67%] Building C object scip/src/CMakeFiles/libscip.dir/scip/table_default.c.o
[ 67%] Building C object scip/src/CMakeFiles/libscip.dir/scip/benderscut_opt.c.o
[ 67%] Building C object scip/src/CMakeFiles/libscip.dir/scip/benders.c.o
[ 67%] Building C object scip/src/CMakeFiles/libscip.dir/scip/benderscut.c.o
[ 67%] Building C object scip/src/CMakeFiles/libscip.dir/scip/bendersdefcuts.c.o
[ 67%] Building C object scip/src/CMakeFiles/libscip.dir/scip/boundstore.c.o
[ 67%] Building C object scip/src/CMakeFiles/libscip.dir/scip/branch.c.o
[ 67%] Building C object scip/src/CMakeFiles/libscip.dir/scip/clock.c.o
[ 67%] Building C object scip/src/CMakeFiles/libscip.dir/scip/concsolver.c.o
[ 67%] Building C object scip/src/CMakeFiles/libscip.dir/scip/concurrent.c.o
[ 67%] Building C object scip/src/CMakeFiles/libscip.dir/scip/conflict.c.o
[ 67%] Building C object scip/src/CMakeFiles/libscip.dir/scip/conflictstore.c.o
[ 67%] Building C object scip/src/CMakeFiles/libscip.dir/scip/cons.c.o
[ 67%] Building C object scip/src/CMakeFiles/libscip.dir/scip/cutpool.c.o
[ 70%] Building C object scip/src/CMakeFiles/libscip.dir/scip/cuts.c.o
[ 70%] Building C object scip/src/CMakeFiles/libscip.dir/scip/cutsel.c.o
[ 70%] Building C object scip/src/CMakeFiles/libscip.dir/scip/debug.c.o
[ 70%] Building C object scip/src/CMakeFiles/libscip.dir/scip/dialog.c.o
[ 70%] Building C object scip/src/CMakeFiles/libscip.dir/scip/disp.c.o
[ 70%] Building C object scip/src/CMakeFiles/libscip.dir/scip/event.c.o
[ 70%] Building C object scip/src/CMakeFiles/libscip.dir/scip/expr.c.o
[ 70%] Building C object scip/src/CMakeFiles/libscip.dir/scip/exprcurv.c.o
[ 70%] Building C object scip/src/CMakeFiles/libscip.dir/scip/expriter.c.o
[ 70%] Building C object scip/src/CMakeFiles/libscip.dir/scip/fileio.c.o
[ 70%] Building C object scip/src/CMakeFiles/libscip.dir/scip/heur.c.o
[ 70%] Building C object scip/src/CMakeFiles/libscip.dir/scip/heuristics.c.o
[ 73%] Building C object scip/src/CMakeFiles/libscip.dir/scip/compr.c.o
[ 73%] Building C object scip/src/CMakeFiles/libscip.dir/scip/history.c.o
[ 73%] Building C object scip/src/CMakeFiles/libscip.dir/scip/implics.c.o
[ 73%] Building C object scip/src/CMakeFiles/libscip.dir/scip/interrupt.c.o
[ 73%] Building C object scip/src/CMakeFiles/libscip.dir/scip/intervalarith.c.o
[ 73%] Building C object scip/src/CMakeFiles/libscip.dir/scip/lp.c.o
[ 73%] Building C object scip/src/CMakeFiles/libscip.dir/scip/matrix.c.o
[ 73%] Building C object scip/src/CMakeFiles/libscip.dir/scip/mem.c.o
[ 73%] Building C object scip/src/CMakeFiles/libscip.dir/scip/misc.c.o
[ 73%] Building C object scip/src/CMakeFiles/libscip.dir/scip/misc_linear.c.o
[ 73%] Building C object scip/src/CMakeFiles/libscip.dir/scip/misc_rowprep.c.o
[ 73%] Building C object scip/src/CMakeFiles/libscip.dir/scip/nlhdlr.c.o
[ 73%] Building C object scip/src/CMakeFiles/libscip.dir/scip/nlp.c.o
[ 73%] Building C object scip/src/CMakeFiles/libscip.dir/scip/nlpioracle.c.o
[ 76%] Building C object scip/src/CMakeFiles/libscip.dir/scip/nlpi.c.o
[ 76%] Building C object scip/src/CMakeFiles/libscip.dir/scip/nodesel.c.o
[ 76%] Building C object scip/src/CMakeFiles/libscip.dir/scip/paramset.c.o
[ 76%] Building C object scip/src/CMakeFiles/libscip.dir/scip/presol.c.o
[ 76%] Building C object scip/src/CMakeFiles/libscip.dir/scip/presolve.c.o
[ 76%] Building C object scip/src/CMakeFiles/libscip.dir/scip/pricestore.c.o
[ 76%] Building C object scip/src/CMakeFiles/libscip.dir/scip/pricer.c.o
[ 76%] Building C object scip/src/CMakeFiles/libscip.dir/scip/primal.c.o
[ 76%] Building C object scip/src/CMakeFiles/libscip.dir/scip/prob.c.o
[ 76%] Building C object scip/src/CMakeFiles/libscip.dir/scip/prop.c.o
[ 76%] Building C object scip/src/CMakeFiles/libscip.dir/scip/reader.c.o
[ 79%] Building C object scip/src/CMakeFiles/libscip.dir/scip/reopt.c.o
[ 79%] Building C object scip/src/CMakeFiles/libscip.dir/scip/relax.c.o
[ 79%] Building C object scip/src/CMakeFiles/libscip.dir/scip/retcode.c.o
[ 79%] Building C object scip/src/CMakeFiles/libscip.dir/scip/scip_bandit.c.o
[ 79%] Building C object scip/src/CMakeFiles/libscip.dir/scip/scip_benders.c.o
[ 79%] Building C object scip/src/CMakeFiles/libscip.dir/scip/scip_branch.c.o
[ 79%] Building C object scip/src/CMakeFiles/libscip.dir/scip/scip_compr.c.o
[ 79%] Building C object scip/src/CMakeFiles/libscip.dir/scip/scip_concurrent.c.o
[ 79%] Building C object scip/src/CMakeFiles/libscip.dir/scip/scip_conflict.c.o
[ 79%] Building C object scip/src/CMakeFiles/libscip.dir/scip/scip_cons.c.o
[ 79%] Building C object scip/src/CMakeFiles/libscip.dir/scip/scip_copy.c.o
[ 79%] Building C object scip/src/CMakeFiles/libscip.dir/scip/scip_cut.c.o
[ 82%] Building C object scip/src/CMakeFiles/libscip.dir/scip/scip_cutsel.c.o
[ 82%] Building C object scip/src/CMakeFiles/libscip.dir/scip/scip_datastructures.c.o
[ 82%] Building C object scip/src/CMakeFiles/libscip.dir/scip/scip_debug.c.o
[ 82%] Building C object scip/src/CMakeFiles/libscip.dir/scip/scip_dcmp.c.o
[ 82%] Building C object scip/src/CMakeFiles/libscip.dir/scip/scip_disp.c.o
[ 82%] Building C object scip/src/CMakeFiles/libscip.dir/scip/scip_dialog.c.o
[ 82%] Building C object scip/src/CMakeFiles/libscip.dir/scip/scip_event.c.o
[ 82%] Building C object scip/src/CMakeFiles/libscip.dir/scip/scip_expr.c.o
[ 82%] Building C object scip/src/CMakeFiles/libscip.dir/scip/scip_heur.c.o
[ 82%] Building C object scip/src/CMakeFiles/libscip.dir/scip/scip_general.c.o
[ 82%] Building C object scip/src/CMakeFiles/libscip.dir/scip/scip_lp.c.o
[ 82%] Building C object scip/src/CMakeFiles/libscip.dir/scip/scip_message.c.o
[ 82%] Building C object scip/src/CMakeFiles/libscip.dir/scip/scip_mem.c.o
[ 85%] Building C object scip/src/CMakeFiles/libscip.dir/scip/scip_nlp.c.o
[ 85%] Building C object scip/src/CMakeFiles/libscip.dir/scip/scip_nlpi.c.o
[ 85%] Building C object scip/src/CMakeFiles/libscip.dir/scip/scip_nodesel.c.o
[ 85%] Building C object scip/src/CMakeFiles/libscip.dir/scip/scip_numerics.c.o
[ 85%] Building C object scip/src/CMakeFiles/libscip.dir/scip/scip_param.c.o
[ 85%] Building C object scip/src/CMakeFiles/libscip.dir/scip/scip_presol.c.o
[ 85%] Building C object scip/src/CMakeFiles/libscip.dir/scip/scip_pricer.c.o
[ 85%] Building C object scip/src/CMakeFiles/libscip.dir/scip/scip_prob.c.o
[ 85%] Building C object scip/src/CMakeFiles/libscip.dir/scip/scip_probing.c.o
[ 85%] Building C object scip/src/CMakeFiles/libscip.dir/scip/scip_prop.c.o
[ 85%] Building C object scip/src/CMakeFiles/libscip.dir/scip/scip_reader.c.o
[ 85%] Building C object scip/src/CMakeFiles/libscip.dir/scip/scip_randnumgen.c.o
[ 88%] Building C object scip/src/CMakeFiles/libscip.dir/scip/scip_relax.c.o
[ 88%] Building C object scip/src/CMakeFiles/libscip.dir/scip/scip_reopt.c.o
[ 88%] Building C object scip/src/CMakeFiles/libscip.dir/scip/scip_sepa.c.o
[ 88%] Building C object scip/src/CMakeFiles/libscip.dir/scip/scip_solve.c.o
[ 88%] Building C object scip/src/CMakeFiles/libscip.dir/scip/scip_sol.c.o
[ 88%] Building C object scip/src/CMakeFiles/libscip.dir/scip/scip_solvingstats.c.o
[ 88%] Building C object scip/src/CMakeFiles/libscip.dir/scip/scip_table.c.o
[ 88%] Building C object scip/src/CMakeFiles/libscip.dir/scip/scip_timing.c.o
[ 88%] Building C object scip/src/CMakeFiles/libscip.dir/scip/scip_tree.c.o
[ 88%] Building C object scip/src/CMakeFiles/libscip.dir/scip/scip_var.c.o
[ 88%] Building C object scip/src/CMakeFiles/libscip.dir/scip/scip_validation.c.o
[ 88%] Building C object scip/src/CMakeFiles/libscip.dir/scip/scipdefplugins.c.o
[ 88%] Building C object scip/src/CMakeFiles/libscip.dir/scip/scipcoreplugins.c.o
[ 91%] Building C object scip/src/CMakeFiles/libscip.dir/scip/scipgithash.c.o
[ 91%] Building C object scip/src/CMakeFiles/libscip.dir/scip/scipshell.c.o
[ 91%] Building C object scip/src/CMakeFiles/libscip.dir/scip/sepa.c.o
[ 91%] Building C object scip/src/CMakeFiles/libscip.dir/scip/sepastore.c.o
[ 91%] Building C object scip/src/CMakeFiles/libscip.dir/scip/set.c.o
[ 91%] Building C object scip/src/CMakeFiles/libscip.dir/scip/sol.c.o
[ 91%] Building C object scip/src/CMakeFiles/libscip.dir/scip/solve.c.o
[ 91%] Building C object scip/src/CMakeFiles/libscip.dir/scip/stat.c.o
[ 91%] Building C object scip/src/CMakeFiles/libscip.dir/scip/symmetry.c.o
[ 91%] Building C object scip/src/CMakeFiles/libscip.dir/scip/syncstore.c.o
[ 91%] Building C object scip/src/CMakeFiles/libscip.dir/scip/table.c.o
[ 91%] Building C object scip/src/CMakeFiles/libscip.dir/scip/tree.c.o
[ 94%] Building C object scip/src/CMakeFiles/libscip.dir/scip/var.c.o
[ 94%] Building C object scip/src/CMakeFiles/libscip.dir/scip/visual.c.o
[ 94%] Building C object scip/src/CMakeFiles/libscip.dir/scip/rbtree.c.o
[ 94%] Building C object scip/src/CMakeFiles/libscip.dir/tclique/tclique_coloring.c.o
[ 94%] Building C object scip/src/CMakeFiles/libscip.dir/tclique/tclique_branch.c.o
[ 94%] Building C object scip/src/CMakeFiles/libscip.dir/tclique/tclique_graph.c.o
[ 94%] Building C object scip/src/CMakeFiles/libscip.dir/dijkstra/dijkstra.c.o
[ 94%] Building C object scip/src/CMakeFiles/libscip.dir/xml/xmlparse.c.o
[ 94%] Building CXX object scip/src/CMakeFiles/libscip.dir/amplmp/src/format.cpp.o
[ 94%] Building CXX object scip/src/CMakeFiles/libscip.dir/scip/reader_nl.cpp.o
[ 94%] Building CXX object scip/src/CMakeFiles/libscip.dir/amplmp/src/expr-info.cpp.o
[ 94%] Building CXX object scip/src/CMakeFiles/libscip.dir/amplmp/src/nl-reader.cpp.o
[ 94%] Building CXX object scip/src/CMakeFiles/libscip.dir/amplmp/src/os.cpp.o
[ 97%] Building CXX object scip/src/CMakeFiles/libscip.dir/amplmp/src/posix.cpp.o
[ 97%] Building CXX object scip/src/CMakeFiles/libscip.dir/objscip/objbenders.cpp.o
[ 97%] Building CXX object scip/src/CMakeFiles/libscip.dir/objscip/objbenderscut.cpp.o
[ 97%] Building CXX object scip/src/CMakeFiles/libscip.dir/objscip/objbranchrule.cpp.o
[ 97%] Building CXX object scip/src/CMakeFiles/libscip.dir/objscip/objconshdlr.cpp.o
[ 97%] Building CXX object scip/src/CMakeFiles/libscip.dir/objscip/objcutsel.cpp.o
[ 97%] Building CXX object scip/src/CMakeFiles/libscip.dir/objscip/objdialog.cpp.o
[ 97%] Building CXX object scip/src/CMakeFiles/libscip.dir/objscip/objdisp.cpp.o
[ 97%] Building CXX object scip/src/CMakeFiles/libscip.dir/objscip/objeventhdlr.cpp.o
[ 97%] Building CXX object scip/src/CMakeFiles/libscip.dir/objscip/objheur.cpp.o
[ 97%] Building CXX object scip/src/CMakeFiles/libscip.dir/objscip/objmessagehdlr.cpp.o
[ 97%] Building CXX object scip/src/CMakeFiles/libscip.dir/objscip/objnodesel.cpp.o
[100%] Building CXX object scip/src/CMakeFiles/libscip.dir/objscip/objpresol.cpp.o
[100%] Building CXX object scip/src/CMakeFiles/libscip.dir/objscip/objpricer.cpp.o
[100%] Building CXX object scip/src/CMakeFiles/libscip.dir/objscip/objprobdata.cpp.o
[100%] Building CXX object scip/src/CMakeFiles/libscip.dir/objscip/objprop.cpp.o
[100%] Building CXX object scip/src/CMakeFiles/libscip.dir/objscip/objreader.cpp.o
[100%] Building CXX object scip/src/CMakeFiles/libscip.dir/objscip/objrelax.cpp.o
[100%] Building CXX object scip/src/CMakeFiles/libscip.dir/objscip/objsepa.cpp.o
[100%] Building CXX object scip/src/CMakeFiles/libscip.dir/objscip/objtable.cpp.o
[100%] Building CXX object scip/src/CMakeFiles/libscip.dir/objscip/objvardata.cpp.o
[100%] Building CXX object scip/src/CMakeFiles/libscip.dir/lpi/lpi_spx2.cpp.o
[100%] Building C object scip/src/CMakeFiles/libscip.dir/tpi/tpi_none.c.o
[100%] Building CXX object scip/src/CMakeFiles/libscip.dir/symmetry/compute_symmetry_none.cpp.o
[100%] Linking CXX static library ../../lib/libscip.a
[100%] Built target libscip
-- Git hash: 950b1658
[  0%] Building C object zimpl/src/CMakeFiles/libzimpl.dir/zimpl/bound.c.o
-- Git hash: 6129793871
[  0%] Building C object zimpl/src/CMakeFiles/libzimpl.dir/zimpl/blkmem.c.o
[  0%] Building C object zimpl/src/CMakeFiles/libzimpl.dir/zimpl/code.c.o
[  0%] Building C object zimpl/src/CMakeFiles/libzimpl.dir/zimpl/conname.c.o
[  0%] Building C object zimpl/src/CMakeFiles/libzimpl.dir/zimpl/define.c.o
[  0%] Building C object zimpl/src/CMakeFiles/libzimpl.dir/zimpl/entry.c.o
[  0%] Building C object zimpl/src/CMakeFiles/libzimpl.dir/zimpl/elem.c.o
[  0%] Building C object zimpl/src/CMakeFiles/libzimpl.dir/zimpl/heap.c.o
[  0%] Building C object zimpl/src/CMakeFiles/libzimpl.dir/zimpl/inst.c.o
[  0%] Building C object zimpl/src/CMakeFiles/libzimpl.dir/zimpl/hash.c.o
[  0%] Building C object zimpl/src/CMakeFiles/libzimpl.dir/zimpl/idxset.c.o
[  0%] Building C object zimpl/src/CMakeFiles/libzimpl.dir/zimpl/list.c.o
[  0%] Built target soplex_update_githash
[  2%] Building C object zimpl/src/CMakeFiles/libzimpl.dir/zimpl/iread.c.o
[  2%] Built target scip_update_githash
[  2%] Building C object zimpl/src/CMakeFiles/libzimpl.dir/zimpl/load.c.o
[  2%] Building C object zimpl/src/CMakeFiles/libzimpl.dir/zimpl/local.c.o
[  5%] Building CXX object soplex/src/CMakeFiles/libsoplex.dir/soplex/didxset.cpp.o
[  5%] Building C object zimpl/src/CMakeFiles/libzimpl.dir/zimpl/metaio.c.o
[  5%] Building C object zimpl/src/CMakeFiles/libzimpl.dir/zimpl/mmlparse2.c.o
[  5%] Building C object zimpl/src/CMakeFiles/libzimpl.dir/zimpl/mmlscan.c.o
[  5%] Building C object zimpl/src/CMakeFiles/libzimpl.dir/zimpl/mono.c.o
[  5%] Building CXX object soplex/src/CMakeFiles/libsoplex.dir/soplex/gzstream.cpp.o
[  5%] Building C object zimpl/src/CMakeFiles/libzimpl.dir/zimpl/mshell.c.o
[  5%] Building CXX object soplex/src/CMakeFiles/libsoplex.dir/soplex/idxset.cpp.o
[  5%] Building C object zimpl/src/CMakeFiles/libzimpl.dir/zimpl/prog.c.o
[  5%] Building C object zimpl/src/CMakeFiles/libzimpl.dir/zimpl/random.c.o
[  5%] Building CXX object soplex/src/CMakeFiles/libsoplex.dir/soplex/mpsinput.cpp.o
[  8%] Building C object zimpl/src/CMakeFiles/libzimpl.dir/zimpl/source.c.o
[  8%] Building C object zimpl/src/CMakeFiles/libzimpl.dir/zimpl/setempty.c.o
[  8%] Building C object zimpl/src/CMakeFiles/libzimpl.dir/zimpl/rdefpar.c.o
[  8%] Building CXX object soplex/src/CMakeFiles/libsoplex.dir/soplex/nameset.cpp.o
[  8%] Building C object zimpl/src/CMakeFiles/libzimpl.dir/zimpl/setpseudo.c.o
[  8%] Building C object zimpl/src/CMakeFiles/libzimpl.dir/zimpl/setlist.c.o
/build/scipoptsuite-8.1.0/build-wasm/zimpl/src/zimpl/mmlparse2.c:2323:22: warning: passing arguments to 'yylex' without a prototype is deprecated in all versions of C and is not supported in C23 [-Wdeprecated-non-prototype]
 2323 |       yychar = yylex (&yylval);
      |                      ^
[  8%] Building C object zimpl/src/CMakeFiles/libzimpl.dir/zimpl/setrange.c.o
[  8%] Building C object zimpl/src/CMakeFiles/libzimpl.dir/zimpl/setprod.c.o
[  8%] Building C object zimpl/src/CMakeFiles/libzimpl.dir/zimpl/setmulti.c.o
[  8%] Building CXX object soplex/src/CMakeFiles/libsoplex.dir/soplex/spxdefines.cpp.o
[  8%] Building C object zimpl/src/CMakeFiles/libzimpl.dir/zimpl/stmt.c.o
[  8%] Building CXX object soplex/src/CMakeFiles/libsoplex.dir/soplex/spxgithash.cpp.o
[  8%] Building C object zimpl/src/CMakeFiles/libzimpl.dir/zimpl/set4.c.o
[  8%] Building C object zimpl/src/CMakeFiles/libzimpl.dir/zimpl/stkchk.c.o
[  8%] Building C object zimpl/src/CMakeFiles/libzimpl.dir/zimpl/strstore2.c.o
1 warning generated.
[  8%] Building C object zimpl/src/CMakeFiles/libzimpl.dir/zimpl/symbol.c.o
[  8%] Building C object zimpl/src/CMakeFiles/libzimpl.dir/zimpl/term2.c.o
[  8%] Building CXX object soplex/src/CMakeFiles/libsoplex.dir/soplex/spxid.cpp.o
[ 11%] Building C object zimpl/src/CMakeFiles/libzimpl.dir/zimpl/tuple.c.o
[ 11%] Building C object zimpl/src/CMakeFiles/libzimpl.dir/zimpl/vinst.c.o
[ 11%] Building C object zimpl/src/CMakeFiles/libzimpl.dir/zimpl/gmpmisc.c.o
[ 11%] Building C object zimpl/src/CMakeFiles/libzimpl.dir/zimpl/zimpllib.c.o
[ 11%] Building C object zimpl/src/CMakeFiles/libzimpl.dir/zimpl/numbgmp.c.o
[ 11%] Building CXX object soplex/src/CMakeFiles/libsoplex.dir/soplex/spxout.cpp.o
[ 11%] Building CXX object soplex/src/CMakeFiles/libsoplex.dir/soplex/usertimer.cpp.o
[ 11%] Building CXX object soplex/src/CMakeFiles/libsoplex.dir/soplex/wallclocktimer.cpp.o
[ 11%] Linking C static library ../../lib/libzimpl.a
[ 13%] Built target libzimpl
[ 13%] Linking CXX static library ../../lib/libsoplex.a
[ 13%] Built target libsoplex
[ 16%] Building C object scip/src/CMakeFiles/scip.dir/main.c.o
[ 16%] Building C object scip/src/CMakeFiles/scip.dir/blockmemshell/memory.c.o
[ 16%] Building C object scip/src/CMakeFiles/scip.dir/scip/message.c.o
[ 16%] Building C object scip/src/CMakeFiles/scip.dir/__/scipbuildflag.c.o
[ 16%] Building C object scip/src/CMakeFiles/scip.dir/scip/bitencode.c.o
[ 16%] Building C object scip/src/CMakeFiles/scip.dir/scip/bandit_epsgreedy.c.o
[ 16%] Building C object scip/src/CMakeFiles/scip.dir/scip/bandit.c.o
[ 16%] Building C object scip/src/CMakeFiles/scip.dir/scip/bandit_ucb.c.o
[ 16%] Building C object scip/src/CMakeFiles/scip.dir/scip/branch_cloud.c.o
[ 16%] Building C object scip/src/CMakeFiles/scip.dir/scip/branch_allfullstrong.c.o
[ 16%] Building C object scip/src/CMakeFiles/scip.dir/scip/branch_distribution.c.o
[ 19%] Building C object scip/src/CMakeFiles/scip.dir/scip/branch_fullstrong.c.o
[ 19%] Building C object scip/src/CMakeFiles/scip.dir/scip/branch_inference.c.o
[ 19%] Building C object scip/src/CMakeFiles/scip.dir/scip/bandit_exp3.c.o
[ 19%] Building C object scip/src/CMakeFiles/scip.dir/scip/branch_leastinf.c.o
[ 19%] Building C object scip/src/CMakeFiles/scip.dir/scip/branch_lookahead.c.o
[ 19%] Building C object scip/src/CMakeFiles/scip.dir/scip/branch_mostinf.c.o
[ 19%] Building C object scip/src/CMakeFiles/scip.dir/scip/branch_nodereopt.c.o
[ 19%] Building C object scip/src/CMakeFiles/scip.dir/scip/branch_multaggr.c.o
[ 19%] Building C object scip/src/CMakeFiles/scip.dir/scip/branch_pscost.c.o
[ 19%] Building C object scip/src/CMakeFiles/scip.dir/scip/branch_random.c.o
[ 19%] Building C object scip/src/CMakeFiles/scip.dir/scip/branch_relpscost.c.o
[ 19%] Building C object scip/src/CMakeFiles/scip.dir/scip/branch_vanillafullstrong.c.o
[ 22%] Building C object scip/src/CMakeFiles/scip.dir/scip/concsolver_scip.c.o
[ 22%] Building C object scip/src/CMakeFiles/scip.dir/scip/compr_weakcompr.c.o
[ 22%] Building C object scip/src/CMakeFiles/scip.dir/scip/cons_abspower.c.o
[ 22%] Building C object scip/src/CMakeFiles/scip.dir/scip/compr_largestrepr.c.o
[ 22%] Building C object scip/src/CMakeFiles/scip.dir/scip/cons_and.c.o
[ 22%] Building C object scip/src/CMakeFiles/scip.dir/scip/cons_benderslp.c.o
[ 22%] Building C object scip/src/CMakeFiles/scip.dir/scip/cons_benders.c.o
[ 22%] Building C object scip/src/CMakeFiles/scip.dir/scip/cons_bounddisjunction.c.o
[ 22%] Building C object scip/src/CMakeFiles/scip.dir/scip/cons_cardinality.c.o
[ 22%] Building C object scip/src/CMakeFiles/scip.dir/scip/cons_components.c.o
[ 22%] Building C object scip/src/CMakeFiles/scip.dir/scip/cons_conjunction.c.o
[ 22%] Building C object scip/src/CMakeFiles/scip.dir/scip/cons_countsols.c.o
[ 22%] Building C object scip/src/CMakeFiles/scip.dir/scip/cons_cumulative.c.o
[ 22%] Building C object scip/src/CMakeFiles/scip.dir/scip/cons_disjunction.c.o
[ 25%] Building C object scip/src/CMakeFiles/scip.dir/scip/cons_indicator.c.o
[ 25%] Building C object scip/src/CMakeFiles/scip.dir/scip/cons_integral.c.o
[ 25%] Building C object scip/src/CMakeFiles/scip.dir/scip/cons_knapsack.c.o
[ 25%] Building C object scip/src/CMakeFiles/scip.dir/scip/cons_linear.c.o
[ 25%] Building C object scip/src/CMakeFiles/scip.dir/scip/cons_linking.c.o
[ 25%] Building C object scip/src/CMakeFiles/scip.dir/scip/cons_logicor.c.o
[ 25%] Building C object scip/src/CMakeFiles/scip.dir/scip/cons_nonlinear.c.o
[ 25%] Building C object scip/src/CMakeFiles/scip.dir/scip/cons_or.c.o
[ 25%] Building C object scip/src/CMakeFiles/scip.dir/scip/cons_orbisack.c.o
[ 25%] Building C object scip/src/CMakeFiles/scip.dir/scip/cons_orbitope.c.o
[ 25%] Building C object scip/src/CMakeFiles/scip.dir/scip/cons_pseudoboolean.c.o
[ 25%] Building C object scip/src/CMakeFiles/scip.dir/scip/cons_setppc.c.o
[ 25%] Building C object scip/src/CMakeFiles/scip.dir/scip/cons_quadratic.c.o
[ 27%] Building C object scip/src/CMakeFiles/scip.dir/scip/cons_soc.c.o
[ 27%] Building C object scip/src/CMakeFiles/scip.dir/scip/cons_sos1.c.o
[ 27%] Building C object scip/src/CMakeFiles/scip.dir/scip/cons_sos2.c.o
[ 27%] Building C object scip/src/CMakeFiles/scip.dir/scip/cons_symresack.c.o
[ 27%] Building C object scip/src/CMakeFiles/scip.dir/scip/cons_superindicator.c.o
[ 27%] Building C object scip/src/CMakeFiles/scip.dir/scip/cons_varbound.c.o
[ 27%] Building C object scip/src/CMakeFiles/scip.dir/scip/cons_xor.c.o
[ 27%] Building C object scip/src/CMakeFiles/scip.dir/scip/cutsel_hybrid.c.o
[ 27%] Building C object scip/src/CMakeFiles/scip.dir/scip/dcmp.c.o
[ 27%] Building C object scip/src/CMakeFiles/scip.dir/scip/dialog_default.c.o
[ 27%] Building C object scip/src/CMakeFiles/scip.dir/scip/event_globalbnd.c.o
[ 27%] Building C object scip/src/CMakeFiles/scip.dir/scip/event_estim.c.o
[ 30%] Building C object scip/src/CMakeFiles/scip.dir/scip/event_softtimelimit.c.o
[ 30%] Building C object scip/src/CMakeFiles/scip.dir/scip/event_solvingphase.c.o
[ 30%] Building C object scip/src/CMakeFiles/scip.dir/scip/expr_abs.c.o
[ 30%] Building C object scip/src/CMakeFiles/scip.dir/scip/expr_entropy.c.o
[ 30%] Building C object scip/src/CMakeFiles/scip.dir/scip/expr_erf.c.o
[ 30%] Building C object scip/src/CMakeFiles/scip.dir/scip/expr_exp.c.o
[ 30%] Building C object scip/src/CMakeFiles/scip.dir/scip/expr_log.c.o
[ 30%] Building C object scip/src/CMakeFiles/scip.dir/scip/expr_pow.c.o
[ 30%] Building C object scip/src/CMakeFiles/scip.dir/scip/expr_product.c.o
[ 30%] Building C object scip/src/CMakeFiles/scip.dir/scip/expr_sum.c.o
[ 30%] Building C object scip/src/CMakeFiles/scip.dir/scip/expr_trig.c.o
[ 30%] Building C object scip/src/CMakeFiles/scip.dir/scip/expr_value.c.o
[ 30%] Building C object scip/src/CMakeFiles/scip.dir/scip/expr_var.c.o
[ 33%] Building C object scip/src/CMakeFiles/scip.dir/scip/expr_varidx.c.o
[ 33%] Building CXX object scip/src/CMakeFiles/scip.dir/scip/exprinterpret_cppad.cpp.o
[ 33%] Building C object scip/src/CMakeFiles/scip.dir/scip/heur_actconsdiving.c.o
[ 33%] Building C object scip/src/CMakeFiles/scip.dir/scip/disp_default.c.o
[ 33%] Building C object scip/src/CMakeFiles/scip.dir/scip/heur_adaptivediving.c.o
[ 33%] Building C object scip/src/CMakeFiles/scip.dir/scip/heur_bound.c.o
[ 33%] Building C object scip/src/CMakeFiles/scip.dir/scip/heur_clique.c.o
[ 33%] Building C object scip/src/CMakeFiles/scip.dir/scip/heur_conflictdiving.c.o
[ 33%] Building C object scip/src/CMakeFiles/scip.dir/scip/heur_coefdiving.c.o
[ 33%] Building C object scip/src/CMakeFiles/scip.dir/scip/heur_completesol.c.o
[ 33%] Building C object scip/src/CMakeFiles/scip.dir/scip/heur_crossover.c.o
[ 33%] Building C object scip/src/CMakeFiles/scip.dir/scip/heur_dins.c.o
[ 36%] Building C object scip/src/CMakeFiles/scip.dir/scip/heur_distributiondiving.c.o
[ 36%] Building C object scip/src/CMakeFiles/scip.dir/scip/heur_dps.c.o
[ 36%] Building C object scip/src/CMakeFiles/scip.dir/scip/heur_dualval.c.o
[ 36%] Building C object scip/src/CMakeFiles/scip.dir/scip/heur_farkasdiving.c.o
[ 36%] Building C object scip/src/CMakeFiles/scip.dir/scip/heur_feaspump.c.o
[ 36%] Building C object scip/src/CMakeFiles/scip.dir/scip/heur_fixandinfer.c.o
[ 36%] Building C object scip/src/CMakeFiles/scip.dir/scip/heur_fracdiving.c.o
[ 36%] Building C object scip/src/CMakeFiles/scip.dir/scip/heur_gins.c.o
[ 36%] Building C object scip/src/CMakeFiles/scip.dir/scip/heur_guideddiving.c.o
[ 36%] Building C object scip/src/CMakeFiles/scip.dir/scip/heur_indicator.c.o
[ 36%] Building C object scip/src/CMakeFiles/scip.dir/scip/heur_intdiving.c.o
[ 36%] Building C object scip/src/CMakeFiles/scip.dir/scip/heur_linesearchdiving.c.o
[ 36%] Building C object scip/src/CMakeFiles/scip.dir/scip/heur_intshifting.c.o
[ 38%] Building C object scip/src/CMakeFiles/scip.dir/scip/heur_localbranching.c.o
[ 38%] Building C object scip/src/CMakeFiles/scip.dir/scip/heur_lpface.c.o
[ 38%] Building C object scip/src/CMakeFiles/scip.dir/scip/heur_locks.c.o
[ 38%] Building C object scip/src/CMakeFiles/scip.dir/scip/heur_alns.c.o
[ 38%] Building C object scip/src/CMakeFiles/scip.dir/scip/heur_mutation.c.o
[ 38%] Building C object scip/src/CMakeFiles/scip.dir/scip/heur_multistart.c.o
[ 38%] Building C object scip/src/CMakeFiles/scip.dir/scip/heur_mpec.c.o
[ 38%] Building C object scip/src/CMakeFiles/scip.dir/scip/heur_nlpdiving.c.o
[ 38%] Building C object scip/src/CMakeFiles/scip.dir/scip/heur_objpscostdiving.c.o
[ 38%] Building C object scip/src/CMakeFiles/scip.dir/scip/heur_octane.c.o
[ 38%] Building C object scip/src/CMakeFiles/scip.dir/scip/heur_ofins.c.o
[ 38%] Building C object scip/src/CMakeFiles/scip.dir/scip/heur_oneopt.c.o
[ 38%] Building C object scip/src/CMakeFiles/scip.dir/scip/heur_proximity.c.o
[ 38%] Building C object scip/src/CMakeFiles/scip.dir/scip/heur_pscostdiving.c.o
[ 41%] Building C object scip/src/CMakeFiles/scip.dir/scip/heur_padm.c.o
[ 41%] Building C object scip/src/CMakeFiles/scip.dir/scip/heur_reoptsols.c.o
[ 41%] Building C object scip/src/CMakeFiles/scip.dir/scip/heur_repair.c.o
[ 41%] Building C object scip/src/CMakeFiles/scip.dir/scip/heur_randrounding.c.o
[ 41%] Building C object scip/src/CMakeFiles/scip.dir/scip/heur_rens.c.o
[ 41%] Building C object scip/src/CMakeFiles/scip.dir/scip/heur_rins.c.o
[ 41%] Building C object scip/src/CMakeFiles/scip.dir/scip/heur_rootsoldiving.c.o
[ 41%] Building C object scip/src/CMakeFiles/scip.dir/scip/heur_rounding.c.o
[ 41%] Building C object scip/src/CMakeFiles/scip.dir/scip/heur_shiftandpropagate.c.o
[ 41%] Building C object scip/src/CMakeFiles/scip.dir/scip/heur_shifting.c.o
[ 41%] Building C object scip/src/CMakeFiles/scip.dir/scip/heur_simplerounding.c.o
[ 44%] Building C object scip/src/CMakeFiles/scip.dir/scip/heur_subnlp.c.o
[ 44%] Building C object scip/src/CMakeFiles/scip.dir/scip/heur_sync.c.o
[ 44%] Building C object scip/src/CMakeFiles/scip.dir/scip/heur_trivial.c.o
[ 44%] Building C object scip/src/CMakeFiles/scip.dir/scip/heur_trivialnegation.c.o
[ 44%] Building C object scip/src/CMakeFiles/scip.dir/scip/heur_trustregion.c.o
[ 44%] Building C object scip/src/CMakeFiles/scip.dir/scip/heur_trysol.c.o
[ 44%] Building C object scip/src/CMakeFiles/scip.dir/scip/heur_twoopt.c.o
[ 44%] Building C object scip/src/CMakeFiles/scip.dir/scip/heur_undercover.c.o
[ 44%] Building C object scip/src/CMakeFiles/scip.dir/scip/heur_vbounds.c.o
[ 44%] Building C object scip/src/CMakeFiles/scip.dir/scip/heur_veclendiving.c.o
[ 44%] Building C object scip/src/CMakeFiles/scip.dir/scip/heur_zeroobj.c.o
[ 47%] Building C object scip/src/CMakeFiles/scip.dir/scip/heur_zirounding.c.o
[ 47%] Building C object scip/src/CMakeFiles/scip.dir/scip/message_default.c.o
[ 47%] Building C object scip/src/CMakeFiles/scip.dir/scip/nlhdlr_bilinear.c.o
[ 47%] Building C object scip/src/CMakeFiles/scip.dir/scip/nlhdlr_convex.c.o
[ 47%] Building C object scip/src/CMakeFiles/scip.dir/scip/nlhdlr_default.c.o
[ 47%] Building C object scip/src/CMakeFiles/scip.dir/scip/nlhdlr_perspective.c.o
[ 47%] Building C object scip/src/CMakeFiles/scip.dir/scip/nlhdlr_quadratic.c.o
[ 47%] Building C object scip/src/CMakeFiles/scip.dir/scip/nlhdlr_quotient.c.o
[ 47%] Building C object scip/src/CMakeFiles/scip.dir/scip/nlhdlr_soc.c.o
[ 47%] Building C object scip/src/CMakeFiles/scip.dir/scip/nlpi_all.c.o
[ 47%] Building C object scip/src/CMakeFiles/scip.dir/scip/nlpi_worhp_dummy.c.o
[ 47%] Building C object scip/src/CMakeFiles/scip.dir/scip/nlpi_filtersqp_dummy.c.o
[ 47%] Building C object scip/src/CMakeFiles/scip.dir/scip/nlpi_ipopt_dummy.c.o
[ 47%] Building C object scip/src/CMakeFiles/scip.dir/scip/nodesel_bfs.c.o
[ 50%] Building C object scip/src/CMakeFiles/scip.dir/scip/nodesel_breadthfirst.c.o
[ 50%] Building C object scip/src/CMakeFiles/scip.dir/scip/nodesel_dfs.c.o
[ 50%] Building C object scip/src/CMakeFiles/scip.dir/scip/nodesel_estimate.c.o
[ 50%] Building C object scip/src/CMakeFiles/scip.dir/scip/nodesel_hybridestim.c.o
[ 50%] Building C object scip/src/CMakeFiles/scip.dir/scip/nodesel_restartdfs.c.o
[ 50%] Building C object scip/src/CMakeFiles/scip.dir/scip/nodesel_uct.c.o
[ 50%] Building CXX object scip/src/CMakeFiles/scip.dir/scip/presol_milp.cpp.o
[ 50%] Building C object scip/src/CMakeFiles/scip.dir/scip/presol_boundshift.c.o
[ 50%] Building C object scip/src/CMakeFiles/scip.dir/scip/presol_convertinttobin.c.o
[ 50%] Building C object scip/src/CMakeFiles/scip.dir/scip/presol_domcol.c.o
[ 50%] Building C object scip/src/CMakeFiles/scip.dir/scip/presol_dualagg.c.o
[ 50%] Building C object scip/src/CMakeFiles/scip.dir/scip/presol_dualcomp.c.o
[ 52%] Building C object scip/src/CMakeFiles/scip.dir/scip/presol_dualinfer.c.o
[ 52%] Building C object scip/src/CMakeFiles/scip.dir/scip/presol_gateextraction.c.o
[ 52%] Building C object scip/src/CMakeFiles/scip.dir/scip/presol_implics.c.o
[ 52%] Building C object scip/src/CMakeFiles/scip.dir/scip/presol_inttobinary.c.o
[ 52%] Building C object scip/src/CMakeFiles/scip.dir/scip/presol_qpkktref.c.o
[ 52%] Building C object scip/src/CMakeFiles/scip.dir/scip/presol_redvub.c.o
[ 52%] Building C object scip/src/CMakeFiles/scip.dir/scip/presol_sparsify.c.o
[ 52%] Building C object scip/src/CMakeFiles/scip.dir/scip/presol_dualsparsify.c.o
[ 52%] Building C object scip/src/CMakeFiles/scip.dir/scip/presol_trivial.c.o
[ 52%] Building C object scip/src/CMakeFiles/scip.dir/scip/presol_stuffing.c.o
[ 52%] Building C object scip/src/CMakeFiles/scip.dir/scip/prop_dualfix.c.o
[ 52%] Building C object scip/src/CMakeFiles/scip.dir/scip/presol_tworowbnd.c.o
[ 52%] Building C object scip/src/CMakeFiles/scip.dir/scip/prop_genvbounds.c.o
[ 55%] Building C object scip/src/CMakeFiles/scip.dir/scip/prop_nlobbt.c.o
[ 55%] Building C object scip/src/CMakeFiles/scip.dir/scip/prop_obbt.c.o
[ 55%] Building C object scip/src/CMakeFiles/scip.dir/scip/prop_probing.c.o
[ 55%] Building C object scip/src/CMakeFiles/scip.dir/scip/prop_pseudoobj.c.o
[ 55%] Building C object scip/src/CMakeFiles/scip.dir/scip/prop_redcost.c.o
[ 55%] Building C object scip/src/CMakeFiles/scip.dir/scip/prop_rootredcost.c.o
[ 55%] Building C object scip/src/CMakeFiles/scip.dir/scip/prop_symmetry.c.o
[ 55%] Building C object scip/src/CMakeFiles/scip.dir/scip/prop_vbounds.c.o
[ 55%] Building C object scip/src/CMakeFiles/scip.dir/scip/reader_bnd.c.o
[ 55%] Building C object scip/src/CMakeFiles/scip.dir/scip/reader_ccg.c.o
[ 55%] Building C object scip/src/CMakeFiles/scip.dir/scip/prop_sync.c.o
[ 55%] Building C object scip/src/CMakeFiles/scip.dir/scip/reader_cip.c.o
[ 58%] Building C object scip/src/CMakeFiles/scip.dir/scip/reader_cnf.c.o
[ 58%] Building C object scip/src/CMakeFiles/scip.dir/scip/reader_cor.c.o
[ 58%] Building C object scip/src/CMakeFiles/scip.dir/scip/reader_dec.c.o
[ 58%] Building C object scip/src/CMakeFiles/scip.dir/scip/reader_diff.c.o
[ 58%] Building C object scip/src/CMakeFiles/scip.dir/scip/reader_fzn.c.o
[ 58%] Building C object scip/src/CMakeFiles/scip.dir/scip/reader_fix.c.o
[ 58%] Building C object scip/src/CMakeFiles/scip.dir/scip/reader_gms.c.o
[ 58%] Building C object scip/src/CMakeFiles/scip.dir/scip/reader_lp.c.o
[ 58%] Building C object scip/src/CMakeFiles/scip.dir/scip/reader_mps.c.o
[ 58%] Building C object scip/src/CMakeFiles/scip.dir/scip/reader_mst.c.o
[ 58%] Building C object scip/src/CMakeFiles/scip.dir/scip/reader_opb.c.o
[ 58%] Building C object scip/src/CMakeFiles/scip.dir/scip/reader_osil.c.o
[ 58%] Building C object scip/src/CMakeFiles/scip.dir/scip/reader_pip.c.o
[ 61%] Building C object scip/src/CMakeFiles/scip.dir/scip/reader_pbm.c.o
[ 61%] Building C object scip/src/CMakeFiles/scip.dir/scip/reader_ppm.c.o
[ 61%] Building C object scip/src/CMakeFiles/scip.dir/scip/reader_rlp.c.o
[ 61%] Building C object scip/src/CMakeFiles/scip.dir/scip/reader_sol.c.o
[ 61%] Building C object scip/src/CMakeFiles/scip.dir/scip/reader_sto.c.o
[ 61%] Building C object scip/src/CMakeFiles/scip.dir/scip/reader_smps.c.o
[ 61%] Building C object scip/src/CMakeFiles/scip.dir/scip/reader_tim.c.o
[ 61%] Building C object scip/src/CMakeFiles/scip.dir/scip/reader_wbo.c.o
[ 61%] Building C object scip/src/CMakeFiles/scip.dir/scip/reader_zpl.c.o
[ 61%] Building C object scip/src/CMakeFiles/scip.dir/scip/sepa_cgmip.c.o
[ 61%] Building C object scip/src/CMakeFiles/scip.dir/scip/sepa_closecuts.c.o
[ 61%] Building C object scip/src/CMakeFiles/scip.dir/scip/sepa_clique.c.o
[ 61%] Building C object scip/src/CMakeFiles/scip.dir/scip/sepa_convexproj.c.o
[ 63%] Building C object scip/src/CMakeFiles/scip.dir/scip/sepa_aggregation.c.o
[ 63%] Building C object scip/src/CMakeFiles/scip.dir/scip/sepa_disjunctive.c.o
/build/scipoptsuite-8.1.0/scip/src/scip/reader_zpl.c:965:7: warning: null returned from function that requires a non-null return value [-Wnonnull]
  965 |       return NULL;
      |       ^      ~~~~
[ 63%] Building C object scip/src/CMakeFiles/scip.dir/scip/sepa_eccuts.c.o
[ 63%] Building C object scip/src/CMakeFiles/scip.dir/scip/sepa_gauge.c.o
1 warning generated.
[ 63%] Building C object scip/src/CMakeFiles/scip.dir/scip/sepa_impliedbounds.c.o
[ 63%] Building C object scip/src/CMakeFiles/scip.dir/scip/sepa_gomory.c.o
[ 63%] Building C object scip/src/CMakeFiles/scip.dir/scip/sepa_interminor.c.o
[ 63%] Building C object scip/src/CMakeFiles/scip.dir/scip/sepa_intobj.c.o
[ 63%] Building C object scip/src/CMakeFiles/scip.dir/scip/sepa_mcf.c.o
[ 63%] Building C object scip/src/CMakeFiles/scip.dir/scip/sepa_minor.c.o
[ 63%] Building C object scip/src/CMakeFiles/scip.dir/scip/sepa_mixing.c.o
[ 63%] Building C object scip/src/CMakeFiles/scip.dir/scip/sepa_oddcycle.c.o
[ 66%] Building C object scip/src/CMakeFiles/scip.dir/scip/sepa_rapidlearning.c.o
[ 66%] Building C object scip/src/CMakeFiles/scip.dir/scip/sepa_rlt.c.o
[ 66%] Building C object scip/src/CMakeFiles/scip.dir/scip/sepa_zerohalf.c.o
[ 66%] Building C object scip/src/CMakeFiles/scip.dir/scip/treemodel.c.o
[ 66%] Building C object scip/src/CMakeFiles/scip.dir/scip/benders_default.c.o
[ 66%] Building C object scip/src/CMakeFiles/scip.dir/scip/benderscut_feas.c.o
[ 66%] Building C object scip/src/CMakeFiles/scip.dir/scip/benderscut_feasalt.c.o
[ 66%] Building C object scip/src/CMakeFiles/scip.dir/scip/benderscut_nogood.c.o
[ 66%] Building C object scip/src/CMakeFiles/scip.dir/scip/benderscut_opt.c.o
[ 66%] Building C object scip/src/CMakeFiles/scip.dir/scip/benderscut_int.c.o
[ 66%] Building C object scip/src/CMakeFiles/scip.dir/scip/table_default.c.o
[ 66%] Building C object scip/src/CMakeFiles/scip.dir/scip/benders.c.o
[ 69%] Building C object scip/src/CMakeFiles/scip.dir/scip/benderscut.c.o
[ 69%] Building C object scip/src/CMakeFiles/scip.dir/scip/bendersdefcuts.c.o
[ 69%] Building C object scip/src/CMakeFiles/scip.dir/scip/boundstore.c.o
[ 69%] Building C object scip/src/CMakeFiles/scip.dir/scip/branch.c.o
[ 69%] Building C object scip/src/CMakeFiles/scip.dir/scip/clock.c.o
[ 69%] Building C object scip/src/CMakeFiles/scip.dir/scip/concsolver.c.o
[ 69%] Building C object scip/src/CMakeFiles/scip.dir/scip/concurrent.c.o
[ 69%] Building C object scip/src/CMakeFiles/scip.dir/scip/conflict.c.o
[ 69%] Building C object scip/src/CMakeFiles/scip.dir/scip/conflictstore.c.o
[ 69%] Building C object scip/src/CMakeFiles/scip.dir/scip/cons.c.o
[ 69%] Building C object scip/src/CMakeFiles/scip.dir/scip/cuts.c.o
[ 69%] Building C object scip/src/CMakeFiles/scip.dir/scip/cutpool.c.o
[ 69%] Building C object scip/src/CMakeFiles/scip.dir/scip/cutsel.c.o
[ 72%] Building C object scip/src/CMakeFiles/scip.dir/scip/debug.c.o
[ 72%] Building C object scip/src/CMakeFiles/scip.dir/scip/dialog.c.o
[ 72%] Building C object scip/src/CMakeFiles/scip.dir/scip/disp.c.o
[ 72%] Building C object scip/src/CMakeFiles/scip.dir/scip/event.c.o
[ 72%] Building C object scip/src/CMakeFiles/scip.dir/scip/expr.c.o
[ 72%] Building C object scip/src/CMakeFiles/scip.dir/scip/exprcurv.c.o
[ 72%] Building C object scip/src/CMakeFiles/scip.dir/scip/expriter.c.o
[ 72%] Building C object scip/src/CMakeFiles/scip.dir/scip/fileio.c.o
[ 72%] Building C object scip/src/CMakeFiles/scip.dir/scip/heur.c.o
[ 72%] Building C object scip/src/CMakeFiles/scip.dir/scip/heuristics.c.o
[ 72%] Building C object scip/src/CMakeFiles/scip.dir/scip/compr.c.o
[ 72%] Building C object scip/src/CMakeFiles/scip.dir/scip/history.c.o
[ 75%] Building C object scip/src/CMakeFiles/scip.dir/scip/implics.c.o
[ 75%] Building C object scip/src/CMakeFiles/scip.dir/scip/interrupt.c.o
[ 75%] Building C object scip/src/CMakeFiles/scip.dir/scip/intervalarith.c.o
[ 75%] Building C object scip/src/CMakeFiles/scip.dir/scip/lp.c.o
[ 75%] Building C object scip/src/CMakeFiles/scip.dir/scip/matrix.c.o
[ 75%] Building C object scip/src/CMakeFiles/scip.dir/scip/mem.c.o
[ 75%] Building C object scip/src/CMakeFiles/scip.dir/scip/misc.c.o
[ 75%] Building C object scip/src/CMakeFiles/scip.dir/scip/misc_linear.c.o
[ 75%] Building C object scip/src/CMakeFiles/scip.dir/scip/misc_rowprep.c.o
[ 75%] Building C object scip/src/CMakeFiles/scip.dir/scip/nlhdlr.c.o
[ 75%] Building C object scip/src/CMakeFiles/scip.dir/scip/nlp.c.o
[ 75%] Building C object scip/src/CMakeFiles/scip.dir/scip/nlpi.c.o
[ 75%] Building C object scip/src/CMakeFiles/scip.dir/scip/nlpioracle.c.o
[ 77%] Building C object scip/src/CMakeFiles/scip.dir/scip/nodesel.c.o
[ 77%] Building C object scip/src/CMakeFiles/scip.dir/scip/paramset.c.o
[ 77%] Building C object scip/src/CMakeFiles/scip.dir/scip/presol.c.o
[ 77%] Building C object scip/src/CMakeFiles/scip.dir/scip/presolve.c.o
[ 77%] Building C object scip/src/CMakeFiles/scip.dir/scip/pricestore.c.o
[ 77%] Building C object scip/src/CMakeFiles/scip.dir/scip/pricer.c.o
[ 77%] Building C object scip/src/CMakeFiles/scip.dir/scip/primal.c.o
[ 77%] Building C object scip/src/CMakeFiles/scip.dir/scip/prob.c.o
[ 77%] Building C object scip/src/CMakeFiles/scip.dir/scip/prop.c.o
[ 77%] Building C object scip/src/CMakeFiles/scip.dir/scip/reader.c.o
[ 77%] Building C object scip/src/CMakeFiles/scip.dir/scip/relax.c.o
[ 80%] Building C object scip/src/CMakeFiles/scip.dir/scip/retcode.c.o
[ 80%] Building C object scip/src/CMakeFiles/scip.dir/scip/reopt.c.o
[ 80%] Building C object scip/src/CMakeFiles/scip.dir/scip/scip_bandit.c.o
[ 80%] Building C object scip/src/CMakeFiles/scip.dir/scip/scip_benders.c.o
[ 80%] Building C object scip/src/CMakeFiles/scip.dir/scip/scip_branch.c.o
[ 80%] Building C object scip/src/CMakeFiles/scip.dir/scip/scip_compr.c.o
[ 80%] Building C object scip/src/CMakeFiles/scip.dir/scip/scip_concurrent.c.o
[ 80%] Building C object scip/src/CMakeFiles/scip.dir/scip/scip_conflict.c.o
[ 80%] Building C object scip/src/CMakeFiles/scip.dir/scip/scip_copy.c.o
[ 80%] Building C object scip/src/CMakeFiles/scip.dir/scip/scip_cons.c.o
[ 80%] Building C object scip/src/CMakeFiles/scip.dir/scip/scip_cut.c.o
[ 80%] Building C object scip/src/CMakeFiles/scip.dir/scip/scip_cutsel.c.o
[ 80%] Building C object scip/src/CMakeFiles/scip.dir/scip/scip_datastructures.c.o
[ 80%] Building C object scip/src/CMakeFiles/scip.dir/scip/scip_debug.c.o
[ 83%] Building C object scip/src/CMakeFiles/scip.dir/scip/scip_dcmp.c.o
[ 83%] Building C object scip/src/CMakeFiles/scip.dir/scip/scip_dialog.c.o
[ 83%] Building C object scip/src/CMakeFiles/scip.dir/scip/scip_disp.c.o
[ 83%] Building C object scip/src/CMakeFiles/scip.dir/scip/scip_event.c.o
[ 83%] Building C object scip/src/CMakeFiles/scip.dir/scip/scip_expr.c.o
[ 83%] Building C object scip/src/CMakeFiles/scip.dir/scip/scip_general.c.o
[ 83%] Building C object scip/src/CMakeFiles/scip.dir/scip/scip_heur.c.o
[ 83%] Building C object scip/src/CMakeFiles/scip.dir/scip/scip_lp.c.o
[ 83%] Building C object scip/src/CMakeFiles/scip.dir/scip/scip_mem.c.o
[ 83%] Building C object scip/src/CMakeFiles/scip.dir/scip/scip_message.c.o
[ 83%] Building C object scip/src/CMakeFiles/scip.dir/scip/scip_nlp.c.o
[ 83%] Building C object scip/src/CMakeFiles/scip.dir/scip/scip_nlpi.c.o
[ 86%] Building C object scip/src/CMakeFiles/scip.dir/scip/scip_nodesel.c.o
[ 86%] Building C object scip/src/CMakeFiles/scip.dir/scip/scip_numerics.c.o
[ 86%] Building C object scip/src/CMakeFiles/scip.dir/scip/scip_param.c.o
[ 86%] Building C object scip/src/CMakeFiles/scip.dir/scip/scip_presol.c.o
[ 86%] Building C object scip/src/CMakeFiles/scip.dir/scip/scip_probing.c.o
[ 86%] Building C object scip/src/CMakeFiles/scip.dir/scip/scip_pricer.c.o
[ 86%] Building C object scip/src/CMakeFiles/scip.dir/scip/scip_prob.c.o
[ 86%] Building C object scip/src/CMakeFiles/scip.dir/scip/scip_prop.c.o
[ 86%] Building C object scip/src/CMakeFiles/scip.dir/scip/scip_randnumgen.c.o
[ 86%] Building C object scip/src/CMakeFiles/scip.dir/scip/scip_reader.c.o
[ 86%] Building C object scip/src/CMakeFiles/scip.dir/scip/scip_relax.c.o
[ 86%] Building C object scip/src/CMakeFiles/scip.dir/scip/scip_reopt.c.o
[ 86%] Building C object scip/src/CMakeFiles/scip.dir/scip/scip_sepa.c.o
[ 88%] Building C object scip/src/CMakeFiles/scip.dir/scip/scip_sol.c.o
[ 88%] Building C object scip/src/CMakeFiles/scip.dir/scip/scip_solve.c.o
[ 88%] Building C object scip/src/CMakeFiles/scip.dir/scip/scip_solvingstats.c.o
[ 88%] Building C object scip/src/CMakeFiles/scip.dir/scip/scip_table.c.o
[ 88%] Building C object scip/src/CMakeFiles/scip.dir/scip/scip_timing.c.o
[ 88%] Building C object scip/src/CMakeFiles/scip.dir/scip/scip_tree.c.o
[ 88%] Building C object scip/src/CMakeFiles/scip.dir/scip/scip_validation.c.o
[ 88%] Building C object scip/src/CMakeFiles/scip.dir/scip/scip_var.c.o
[ 88%] Building C object scip/src/CMakeFiles/scip.dir/scip/scipdefplugins.c.o
[ 88%] Building C object scip/src/CMakeFiles/scip.dir/scip/scipcoreplugins.c.o
[ 88%] Building C object scip/src/CMakeFiles/scip.dir/scip/scipgithash.c.o
[ 88%] Building C object scip/src/CMakeFiles/scip.dir/scip/scipshell.c.o
[ 91%] Building C object scip/src/CMakeFiles/scip.dir/scip/sepa.c.o
[ 91%] Building C object scip/src/CMakeFiles/scip.dir/scip/sepastore.c.o
[ 91%] Building C object scip/src/CMakeFiles/scip.dir/scip/set.c.o
[ 91%] Building C object scip/src/CMakeFiles/scip.dir/scip/sol.c.o
[ 91%] Building C object scip/src/CMakeFiles/scip.dir/scip/solve.c.o
[ 91%] Building C object scip/src/CMakeFiles/scip.dir/scip/stat.c.o
[ 91%] Building C object scip/src/CMakeFiles/scip.dir/scip/symmetry.c.o
[ 91%] Building C object scip/src/CMakeFiles/scip.dir/scip/syncstore.c.o
[ 91%] Building C object scip/src/CMakeFiles/scip.dir/scip/table.c.o
[ 91%] Building C object scip/src/CMakeFiles/scip.dir/scip/tree.c.o
[ 91%] Building C object scip/src/CMakeFiles/scip.dir/scip/var.c.o
[ 91%] Building C object scip/src/CMakeFiles/scip.dir/scip/visual.c.o
[ 91%] Building C object scip/src/CMakeFiles/scip.dir/scip/rbtree.c.o
[ 94%] Building C object scip/src/CMakeFiles/scip.dir/tclique/tclique_branch.c.o
[ 94%] Building C object scip/src/CMakeFiles/scip.dir/tclique/tclique_coloring.c.o
[ 94%] Building C object scip/src/CMakeFiles/scip.dir/tclique/tclique_graph.c.o
[ 94%] Building C object scip/src/CMakeFiles/scip.dir/dijkstra/dijkstra.c.o
[ 94%] Building C object scip/src/CMakeFiles/scip.dir/xml/xmlparse.c.o
[ 94%] Building CXX object scip/src/CMakeFiles/scip.dir/scip/reader_nl.cpp.o
[ 94%] Building CXX object scip/src/CMakeFiles/scip.dir/amplmp/src/format.cpp.o
[ 94%] Building CXX object scip/src/CMakeFiles/scip.dir/amplmp/src/expr-info.cpp.o
[ 94%] Building CXX object scip/src/CMakeFiles/scip.dir/amplmp/src/nl-reader.cpp.o
[ 94%] Building CXX object scip/src/CMakeFiles/scip.dir/amplmp/src/os.cpp.o
[ 94%] Building CXX object scip/src/CMakeFiles/scip.dir/amplmp/src/posix.cpp.o
[ 94%] Building CXX object scip/src/CMakeFiles/scip.dir/objscip/objbenders.cpp.o
[ 97%] Building CXX object scip/src/CMakeFiles/scip.dir/objscip/objbenderscut.cpp.o
[ 97%] Building CXX object scip/src/CMakeFiles/scip.dir/objscip/objbranchrule.cpp.o
[ 97%] Building CXX object scip/src/CMakeFiles/scip.dir/objscip/objconshdlr.cpp.o
[ 97%] Building CXX object scip/src/CMakeFiles/scip.dir/objscip/objcutsel.cpp.o
[ 97%] Building CXX object scip/src/CMakeFiles/scip.dir/objscip/objdialog.cpp.o
[ 97%] Building CXX object scip/src/CMakeFiles/scip.dir/objscip/objdisp.cpp.o
[ 97%] Building CXX object scip/src/CMakeFiles/scip.dir/objscip/objeventhdlr.cpp.o
[ 97%] Building CXX object scip/src/CMakeFiles/scip.dir/objscip/objheur.cpp.o
[ 97%] Building CXX object scip/src/CMakeFiles/scip.dir/objscip/objmessagehdlr.cpp.o
[ 97%] Building CXX object scip/src/CMakeFiles/scip.dir/objscip/objnodesel.cpp.o
[ 97%] Building CXX object scip/src/CMakeFiles/scip.dir/objscip/objpresol.cpp.o
[ 97%] Building CXX object scip/src/CMakeFiles/scip.dir/objscip/objpricer.cpp.o
[ 97%] Building CXX object scip/src/CMakeFiles/scip.dir/objscip/objprobdata.cpp.o
[100%] Building CXX object scip/src/CMakeFiles/scip.dir/objscip/objprop.cpp.o
[100%] Building CXX object scip/src/CMakeFiles/scip.dir/objscip/objreader.cpp.o
[100%] Building CXX object scip/src/CMakeFiles/scip.dir/objscip/objrelax.cpp.o
[100%] Building CXX object scip/src/CMakeFiles/scip.dir/objscip/objsepa.cpp.o
[100%] Building CXX object scip/src/CMakeFiles/scip.dir/objscip/objtable.cpp.o
[100%] Building CXX object scip/src/CMakeFiles/scip.dir/objscip/objvardata.cpp.o
[100%] Building CXX object scip/src/CMakeFiles/scip.dir/lpi/lpi_spx2.cpp.o
[100%] Building C object scip/src/CMakeFiles/scip.dir/tpi/tpi_none.c.o
[100%] Building CXX object scip/src/CMakeFiles/scip.dir/symmetry/compute_symmetry_none.cpp.o
[100%] Linking CXX executable ../../bin/scip.js
em++: warning: DISABLE_EXCEPTION_CATCHING=X is no longer needed when specifying EXCEPTION_CATCHING_ALLOWED [-Wdeprecated]
[100%] Built target scip
